make.exe all --print-data-base --no-builtin-variables --no-builtin-rules --question
# GNU Make 3.81
# Copyright (C) 2006  Free Software Foundation, Inc.
# This is free software; see the source for copying conditions.
# There is NO warranty; not even for MERCHANTABILITY or FITNESS FOR A
# PARTICULAR PURPOSE.

# This program built for i386-pc-mingw32
 

# Make data base, printed on Tue Oct 26 21:36:52 2021

# Variables

# automatic
<D = $(patsubst %/,%,$(dir $<))
# automatic
?F = $(notdir $?)
# makefile
MAKEFLAGS = Rrqp
# environment
VSCODE_LOG_NATIVE = false
# automatic
?D = $(patsubst %/,%,$(dir $?))
# automatic
@D = $(patsubst %/,%,$(dir $@))
# environment
HOMEDRIVE = C:
# automatic
@F = $(notdir $@)
# automatic
^D = $(patsubst %/,%,$(dir $^))
# makefile
CURDIR := c:/Kuliah/Alstrukdat/Tubes/Main/IF2110-Tubes-Alstrukdat
# default
SHELL := sh.exe
# environment
WINDIR = C:\WINDOWS
# environment
VSCODE_NLS_CONFIG = {"locale":"en-us","availableLanguages":{},"_languagePackSupport":true}
# environment
VBOX_MSI_INSTALL_PATH = C:\Program Files\Oracle\VirtualBox\
# environment
ONEDRIVE = C:\Users\Argakoesoemah\OneDrive - Institut Teknologi Bandung
# environment
PATHEXT = .COM;.EXE;.BAT;.CMD;.VBS;.VBE;.JS;.JSE;.WSF;.WSH;.MSC
# makefile (from `makefile', line 1)
MAKEFILE_LIST :=  makefile
# environment
FPS_BROWSER_USER_PROFILE_STRING = Default
# environment
TMP = C:\Users\ARGAKO~1\AppData\Local\Temp
# environment
VSCODE_VERBOSE_LOGGING = true
# environment
PROGRAMW6432 = C:\Program Files
# environment
PROGRAMDATA = C:\ProgramData
# environment
VSCODE_IPC_HOOK_EXTHOST = \\.\pipe\vscode-ipc-99f95a9d-2272-450e-a6ca-d46757ef374e-sock
# environment
VSCODE_CWD = C:\Users\Argakoesoemah\AppData\Local\Programs\Microsoft VS Code
# environment
PATH = C:\Program Files\Common Files\Oracle\Java\javapath;C:\Program Files\Eclipse Foundation\jdk-11.0.12.7-hotspot\bin;C:\WINDOWS\system32;C:\WINDOWS;C:\WINDOWS\System32\Wbem;C:\WINDOWS\System32\WindowsPowerShell\v1.0\;C:\WINDOWS\System32\OpenSSH\;C:\Program Files\Git\cmd;C:\Program Files\nodejs\;C:\ProgramData\chocolatey\bin;C:\MinGW\bin;C:\Program Files\Java\jdk-17;C:\Program Files (x86)\GnuWin32\bin;C:\Users\Argakoesoemah\AppData\Local\Programs\Python\Python39\Scripts\;C:\Users\Argakoesoemah\AppData\Local\Programs\Python\Python39\;C:\Users\Argakoesoemah\AppData\Local\Microsoft\WindowsApps;C:\Users\Argakoesoemah\AppData\Local\Programs\Microsoft VS Code\bin;C:\Users\Argakoesoemah\AppData\Roaming\npm;C:\Development\flutter\bin;C:\Development\flutter\bin\cache\dart-sdk\bin;
# environment
ONLINESERVICES = Online Services
# environment
COMMONPROGRAMW6432 = C:\Program Files\Common Files
# environment
ZES_ENABLE_SYSMAN = 1
# environment
CHOCOLATEYLASTPATHUPDATE = 132728982909171063
# environment
PROCESSOR_ARCHITECTURE = x86
# environment
USERPROFILE = C:\Users\Argakoesoemah
# environment
ALLUSERSPROFILE = C:\ProgramData
# environment
VSCODE_LOG_ST 
ACK = false
# environment
NUMBER_OF_PROCESSORS = 8
# environment
ELECTRON_RUN_AS_NODE = 1
# default
.FEATURES := target-specific order-only second-expansion else-if archives
# automatic
%F = $(notdir $%)
# environment
CHROME_CRASHPAD_PIPE_NAME = \\.\pipe\crashpad_15984_WOJDWOWAJRRAJKFR
# environment
VSCODE_PIPE_LOGGING = true
# environment
COMPUTERNAME = LAPTOP-5P9LFIRM
# environment
PROGRAMFILES = C:\Program Files (x86)
# environment
DRIVERDATA = C:\Windows\System32\Drivers\DriverData
# environment
ORIGINAL_XDG_CURRENT_DESKTOP = undefined
# environment
USERNAME = Argakoesoemah
# environment
PUBLIC = C:\Users\Public
# environment
VSCODE_AMD_ENTRYPOINT = vs/workbench/services/extensions/node/extensionHostProcess
# environment
VSCODE_CODE_CACHE_PATH = C:\Users\Argakoesoemah\AppData\Roaming\Code\CachedData\6cba118ac49a1b88332f312a8f67186f7f3c1643
# environment
APPLICATION_INSIGHTS_NO_DIAGNOSTIC_CHANNEL = true
# environment
COMMONPROGRAMFILES = C:\Program Files (x86)\Common Files
# environment
LOGONSERVER = \\LAPTOP-5P9LFIRM
# environment
VSCODE_HANDLES_UNCAUGHT_ERRORS = true
# environment
USERDOMAIN = LAPTOP-5P9LFIRM
# default
MAKE = $(MAKE_COMMAND)
# default
MAKECMDGOALS := all
# environment
ONEDRIVECOMMERCIAL = C:\Users\Argakoesoemah\OneDrive - Institut Teknologi Bandung
# default
MAKE_VERSION := 3.81
# makefile
.DEFAULT_GOAL := pesanan.o
# environment
PROGRAMFILES(X86) = C:\Program Files (x86)
# automatic
%D = $(patsubst %/,%,$(dir $%))
# environment
LOCALAPPDATA = C:\Users\Argakoesoemah\AppData\Local
# environment
PSMODULEPATH = C:\Program Files\WindowsPowerShell\Modules;C:\WINDOWS\system32\WindowsPowerShell\v1.0\Modules
# default
MAKE_COMMAND := make.exe
# environment
PROCESSOR_ARCHITEW6432 = AMD64
# default
.VARIABLES := 
# automatic
*F = $(notdir $*)
# environment
PROCESSOR_IDENTIFIER = Intel64 Family 6 Model 140 Stepping 1, GenuineIntel
# environment
OS = Windows_NT
# environment
VSCODE_IPC_HOOK = \\.\pipe\4cafe7f17b750288eae333f07c7c369d-1.61.2-main-sock
# environment
HOMEPATH = \Users\Argakoesoemah
# environment
COMMONPROGRAMFILES(X86) = C:\Program Files (x86)\Common Files
# environment
PROMPT = $P$G
# environment
MFLAGS = -Rrqp
# automatic
*D = $(patsubst %/,%,$(dir $*))
# environment
REGIONCODE = APJ
# environment
SYSTEMROOT = C:\WINDOWS
# automatic
+D = $(patsubst %/,%,$(dir $+))
# environment
PLATFORMCODE = KV
# automatic
+F = $(notdir $+)
# environment
APPDATA = C:\Users\Argakoesoemah\AppData\Roaming
# environment
TEMP = C:\Users\ARGAKO~1\AppData\Local\Temp
# environment
COMSPEC = C:\WINDOWS\system32\cmd.exe
# default
MAKEFILES := 
# automatic
<F = $(notdir $<)
# environment
LC_ALL = C
# automatic
^F = $(notdir $^)
# default
SUFFIXES := 
# environment
SYSTEMDRIVE = C:
# environment
SESSIONNAME = Console
# environment
PROCESSOR_REVISION = 8c01
# environment
MAKELEVEL := 0
# environment
LANG = C
# environment
PROCESSOR_LEVEL = 6
# environment
FPS_BROWSER_APP_PROFILE_STRING = Internet Explorer
# environment
VSCODE_PID = 15984
# environment
USERDOMAIN_ROAMINGPROFILE = LAPTOP-5P9LFIRM
# variable set hash-table stats:
# Load=95/1024=9%, Rehash=0, Collisions=9/115=8%

# Pattern-specific Variable Values

# No pattern-specific variable values.

# Directories

# C:\Program Files\Common Files\Oracle\Java\javapath (key C:/Program Files/Common Files/Oracle/Java/javapath, mtime 1632891655): 6 files, no impossibilities.
# C:\Development\flutter\bin\cache\dart-sdk\bin (key C:/Development/flutter/bin/cache/dart-sdk/bin, mtime 1633044852): 15 files, no impossibilities.
# C:\Users\Argakoesoemah\AppData\Local\Programs\Python\Python39\ (key C:/Users/Argakoesoemah/AppData/Local/Programs/Python/Python39/, mtime 1634364528): 19 files, no impossibilities.
# C:\Users\Argakoesoemah\AppData\Local\Microsoft\WindowsApps (key C:/Users/Argakoesoemah/AppData/Local/Microsoft/WindowsApps, mtime 1635258671): 30 files, no impossibilities.
# C:\WINDOWS\System32\WindowsPowerShell\v1.0\ (key C:/WINDOWS/System32/WindowsPowerShell/v1.0/, mtime 1622898672): 30 files, no impossibilities.
# C:\WINDOWS\System32\Wbem (key C:/WINDOWS/System32/Wbem, mtime 1 
634921707): 155 files, no impossibilities.
# . (key c:/Kuliah/Alstrukdat/Tubes/Main/IF2110-Tubes-Alstrukdat, mtime 1635259011): 13 files, no impossibilities.
# C:\Development\flutter\bin (key C:/Development/flutter/bin, mtime 1633044841): 9 files, no impossibilities.
# C:\Users\Argakoesoemah\AppData\Local\Programs\Python\Python39\Scripts\ (key C:/Users/Argakoesoemah/AppData/Local/Programs/Python/Python39/Scripts/, mtime 1634364530): 39 files, no impossibilities.
# C:\ProgramData\chocolatey\bin (key C:/ProgramData/chocolatey/bin, mtime 1628424690): 13 files, no impossibilities.
# C:\Program Files\nodejs\ (key C:/Program Files/nodejs/, mtime 1628424645): 11 files, no impossibilities.
# C:\MinGW\bin (key C:/MinGW/bin, mtime 1629818275): 59 files, no impossibilities.
# C:\WINDOWS\System32\OpenSSH\: could not be stat'd.
# C:\WINDOWS (key C:/WINDOWS, mtime 1634925335): 119 files, no impossibilities.
# C:\Program Files\Eclipse Foundation\jdk-11.0.12.7-hotspot\bin (key C:/Program Files/Eclipse Foundation/jdk-11.0.12.7-hotspot/bin, mtime 1631871285): 127 files, no impossibilities.
# C:\Users\Argakoesoemah\AppData\Local\Programs\Microsoft VS Code\bin (key C:/Users/Argakoesoemah/AppData/Local/Programs/Microsoft VS Code/bin, mtime 1634789991): 4 files, no impossibilities.
# C:\Program Files\Git\cmd (key C:/Program Files/Git/cmd, mtime 1628421879): 8 files, no impossibilities.
# C:\WINDOWS\system32 (key C:/WINDOWS/system32, mtime 1635249584): 2846 files, no impossibilities.
# C:\Program Files\Java\jdk-17 (key C:/Program Files/Java/jdk-17, mtime 1632891655): 10 files, no impossibilities.
# C:\Users\Argakoesoemah\AppData\Roaming\npm (key C:/Users/Argakoesoemah/AppData/Roaming/npm, mtime 1628563682): 6 files, no impossibilities.
# C:\Program Files (x86)\GnuWin32\bin (key C:/Program Files (x86)/GnuWin32/bin, mtime 1635093921): 5 files, no impossibilities.

# 3524 files, no impossibilities in 21 directories.

# Implicit Rules

# No implicit rules.

# Files

# Not a target:
point/point.h:
#  Implicit rule search has not been done.
 
#  Modification time never checked.
#  File has not been updated.

# Not a target:
pesanan/pesanan.h:
#  Implicit rule search has not been done.
#  Modification time never checked.
#  File has not been updated.

# Not a target:
all:
#  Command-line target.
#  Implicit rule search has been done.
#  File does not exist.
#  File has not been updated.
# variable set hash-table stats:
# Load=0/32=0%, Rehash=0, Collisions=0/0=0%

# Not a target:
.DEFAULT:
#  Implicit rule search has not been done.
#  Modification time never checked.
#  File has not been updated.

# Not a target:
queuepesanan/queuepesanan.c:
#  Implicit rule search has not been done.
#  Modification time never checked.
#  File has not been updated.

point.o: point/point.c point/point.h
#  Implicit rule search has not been done.
#  Modification time never checked.
#  File has not been updated.
#  commands to execute (from `makefile', line 6):
	gcc -c point/point.c
	

# Not a target:
makefile:
#  Implicit rule search has been done.
#  Last modified 2021-10-26 21:36:10
#  File has been updated.
#  Successfully updated.
# variable set hash-table stats:
# Load=0/32=0%, Rehash=0, Collisions=0/0=0%

# Not a target:
queuepesanan/queuepesanan.h:
#  Implicit rule search has not been done.
#  Modification time never checked.
#  File has not been updated.

# Not a target:
.SUFFIXES:
#  Implicit rule search has not been done.
#  Modification time never checked.
#  File has not been updated.

# Not a target:
location/location.c:
#  Implicit rule search has not been done.
#  Modification time never checked.
#  File has not been updated.

location.o: location/location.c location/location.h point/point.h
#  Implicit rule search has not been done.
#  Modification time never checked.
#  File has not been updated.
#  commands to execute (from `makefile', line 8):
	gcc -c location/location.c
	

# Not a target:
location/location.h:
#  Implicit rule search has not been done.
#  Modification time never checked.
#  File has not been updated.

pesanan.o: pesanan/pesanan.c pesanan/pesanan.h
#  Implicit rule search has not been done.
#  Modification time never checked.
#  File has not been updated.
#  commands to execute (from `makefile', line 2):
	gcc -c pesanan/pesanan.c
	

queuepesanan.o: queuepesanan/queuepesanan.c queuepesanan/queuepesanan.h pesanan/pesanan.h
#  Implicit rule search has not been done.
#  Modification time never checked.
#  File has not been updated.
#  commands to execute (from `makefile', line 4):
	gcc -c queuepesanan/queuepesanan.c
	

# Not a target:
point/point.c:
#  Implicit rule search has not been done.
#  Modification time never checked.
#  File has not been updated.

# Not a target:
pesanan/pesanan.c:
#  Implicit rule search has not been done.
#  Modification time never checked.
#  File has not been updated.

# files hash-table stats:
# Load=16/1024=2%, Rehash=0, Collisions=0/37=0%
# VPATH Search Paths

# No `vpath' search paths.

# No general (`VPATH' variable) search path.

# # of strings in strcache: 1
# # of strcache buffers: 1
# strcache size: total  
make.exe: *** No rule to make target `all'.  Stop.
 
= 4096 / max = 4096 / min = 4096 / avg = 4096
# strcache free: total = 4087 / max = 4087 / min = 4087 / avg = 4087

# Finished Make data base on Tue Oct 26 21:36:52 2021

 
